<!DOCTYPE html
	PUBLIC "-//W3C//DTD XHTML 1.0 Transitional//EN"
	 "http://www.w3.org/TR/xhtml1/DTD/xhtml1-transitional.dtd">
<html xmlns="http://www.w3.org/1999/xhtml" lang="en-US" xml:lang="en-US">
<head>
<title>Search by filename</title>
<meta http-equiv="Content-Type" content="text/html; charset=iso-8859-1" />
</head>
<body>
<h1>Search by filename</h1><form method="post" action="/cgi-bin/searchbyname?name=runoff.log" enctype="multipart/form-data">
Filename to search for: <input type="text" name="name" value="runoff.log" /><p />Use * for wildcards<hr />Files matching runoff.log<p /><pre>
1978-05-25    <a href='/bb-d868a-bm/01/3-sources/runoff.log.html'>/bb-d868a-bm/01/3-sources/runoff.log</a>
1978-08-28    <a href='/AP-4172F-BM/01/3a-sources/runoff.log.html'>/AP-4172F-BM/01/3a-sources/runoff.log</a>
1978-08-28    <a href='/bb-d868b-bm_tops20_v3a_2020_dist/01/3a-sources/runoff.log.html'>/bb-d868b-bm_tops20_v3a_2020_dist/01/3a-sources/runoff.log</a>
1978-08-28    <a href='/BB-H138A-BM/01/3a-sources/runoff.log.html'>/BB-H138A-BM/01/3a-sources/runoff.log</a>
1980-02-05    <a href='/BB-D868D-BM/01/4-sources/runoff.log.html'>/BB-D868D-BM/01/4-sources/runoff.log</a>
1980-02-05    <a href='/BB-D868C-BM/01/4-sources/runoff.log.html'>/BB-D868C-BM/01/4-sources/runoff.log</a>
1980-02-05    <a href='/BB-H138B-BM/01/4-sources/runoff.log.html'>/BB-H138B-BM/01/4-sources/runoff.log</a>
1980-02-05    <a href='/BB-J713A-BM/01/4-sources/runoff.log.html'>/BB-J713A-BM/01/4-sources/runoff.log</a>
1980-02-05    <a href='/BB-5255D-BM/01/4-sources/runoff.log.html'>/BB-5255D-BM/01/4-sources/runoff.log</a>
1980-02-05    <a href='/BB-4172G-BM/01/4-sources/runoff.log.html'>/BB-4172G-BM/01/4-sources/runoff.log</a>
1980-02-05    <a href='/bb-d868c-bm_tops20_v4_2020_distr/01/4-sources/runoff.log.html'>/bb-d868c-bm_tops20_v4_2020_distr/01/4-sources/runoff.log</a>
